<?xml version="1.0" encoding="UTF-8"?>
<testsuite xmlns:xsi="http://www.w3.org/2001/XMLSchema-instance" xsi:noNamespaceSchemaLocation="https://maven.apache.org/surefire/maven-surefire-plugin/xsd/surefire-test-report-3.0.xsd" version="3.0" name="com.example.jasonandcathy.JasonAndCathyApplicationTests" time="1.428" tests="1" errors="0" skipped="0" failures="0">
  <properties>
    <property name="java.specification.version" value="17"/>
    <property name="sun.jnu.encoding" value="UTF-8"/>
    <property name="java.class.path" value="/Users/jasonyellow/Desktop/jac/backend/JasonAndCathy/target/test-classes:/Users/jasonyellow/Desktop/jac/backend/JasonAndCathy/target/classes:/Users/jasonyellow/.m2/repository/org/springframework/boot/spring-boot-starter-web/3.2.2/spring-boot-starter-web-3.2.2.jar:/Users/jasonyellow/.m2/repository/org/springframework/boot/spring-boot-starter/3.2.2/spring-boot-starter-3.2.2.jar:/Users/jasonyellow/.m2/repository/org/springframework/boot/spring-boot/3.2.2/spring-boot-3.2.2.jar:/Users/jasonyellow/.m2/repository/org/springframework/boot/spring-boot-autoconfigure/3.2.2/spring-boot-autoconfigure-3.2.2.jar:/Users/jasonyellow/.m2/repository/org/springframework/boot/spring-boot-starter-logging/3.2.2/spring-boot-starter-logging-3.2.2.jar:/Users/jasonyellow/.m2/repository/ch/qos/logback/logback-classic/1.4.14/logback-classic-1.4.14.jar:/Users/jasonyellow/.m2/repository/ch/qos/logback/logback-core/1.4.14/logback-core-1.4.14.jar:/Users/jasonyellow/.m2/repository/org/apache/logging/log4j/log4j-to-slf4j/2.21.1/log4j-to-slf4j-2.21.1.jar:/Users/jasonyellow/.m2/repository/org/apache/logging/log4j/log4j-api/2.21.1/log4j-api-2.21.1.jar:/Users/jasonyellow/.m2/repository/org/slf4j/jul-to-slf4j/2.0.11/jul-to-slf4j-2.0.11.jar:/Users/jasonyellow/.m2/repository/jakarta/annotation/jakarta.annotation-api/2.1.1/jakarta.annotation-api-2.1.1.jar:/Users/jasonyellow/.m2/repository/org/yaml/snakeyaml/2.2/snakeyaml-2.2.jar:/Users/jasonyellow/.m2/repository/org/springframework/boot/spring-boot-starter-json/3.2.2/spring-boot-starter-json-3.2.2.jar:/Users/jasonyellow/.m2/repository/com/fasterxml/jackson/datatype/jackson-datatype-jdk8/2.15.3/jackson-datatype-jdk8-2.15.3.jar:/Users/jasonyellow/.m2/repository/com/fasterxml/jackson/datatype/jackson-datatype-jsr310/2.15.3/jackson-datatype-jsr310-2.15.3.jar:/Users/jasonyellow/.m2/repository/com/fasterxml/jackson/module/jackson-module-parameter-names/2.15.3/jackson-module-parameter-names-2.15.3.jar:/Users/jasonyellow/.m2/repository/org/springframework/boot/spring-boot-starter-tomcat/3.2.2/spring-boot-starter-tomcat-3.2.2.jar:/Users/jasonyellow/.m2/repository/org/apache/tomcat/embed/tomcat-embed-core/10.1.18/tomcat-embed-core-10.1.18.jar:/Users/jasonyellow/.m2/repository/org/apache/tomcat/embed/tomcat-embed-websocket/10.1.18/tomcat-embed-websocket-10.1.18.jar:/Users/jasonyellow/.m2/repository/org/springframework/spring-web/6.1.3/spring-web-6.1.3.jar:/Users/jasonyellow/.m2/repository/org/springframework/spring-beans/6.1.3/spring-beans-6.1.3.jar:/Users/jasonyellow/.m2/repository/io/micrometer/micrometer-observation/1.12.2/micrometer-observation-1.12.2.jar:/Users/jasonyellow/.m2/repository/io/micrometer/micrometer-commons/1.12.2/micrometer-commons-1.12.2.jar:/Users/jasonyellow/.m2/repository/org/springframework/spring-webmvc/6.1.3/spring-webmvc-6.1.3.jar:/Users/jasonyellow/.m2/repository/org/springframework/spring-aop/6.1.3/spring-aop-6.1.3.jar:/Users/jasonyellow/.m2/repository/org/springframework/spring-context/6.1.3/spring-context-6.1.3.jar:/Users/jasonyellow/.m2/repository/org/springframework/spring-expression/6.1.3/spring-expression-6.1.3.jar:/Users/jasonyellow/.m2/repository/org/mybatis/spring/boot/mybatis-spring-boot-starter/3.0.3/mybatis-spring-boot-starter-3.0.3.jar:/Users/jasonyellow/.m2/repository/org/springframework/boot/spring-boot-starter-jdbc/3.2.2/spring-boot-starter-jdbc-3.2.2.jar:/Users/jasonyellow/.m2/repository/com/zaxxer/HikariCP/5.0.1/HikariCP-5.0.1.jar:/Users/jasonyellow/.m2/repository/org/springframework/spring-jdbc/6.1.3/spring-jdbc-6.1.3.jar:/Users/jasonyellow/.m2/repository/org/springframework/spring-tx/6.1.3/spring-tx-6.1.3.jar:/Users/jasonyellow/.m2/repository/org/mybatis/spring/boot/mybatis-spring-boot-autoconfigure/3.0.3/mybatis-spring-boot-autoconfigure-3.0.3.jar:/Users/jasonyellow/.m2/repository/org/mybatis/mybatis/3.5.14/mybatis-3.5.14.jar:/Users/jasonyellow/.m2/repository/org/mybatis/mybatis-spring/3.0.3/mybatis-spring-3.0.3.jar:/Users/jasonyellow/.m2/repository/org/springframework/boot/spring-boot-starter-test/3.2.2/spring-boot-starter-test-3.2.2.jar:/Users/jasonyellow/.m2/repository/org/springframework/boot/spring-boot-test/3.2.2/spring-boot-test-3.2.2.jar:/Users/jasonyellow/.m2/repository/org/springframework/boot/spring-boot-test-autoconfigure/3.2.2/spring-boot-test-autoconfigure-3.2.2.jar:/Users/jasonyellow/.m2/repository/com/jayway/jsonpath/json-path/2.8.0/json-path-2.8.0.jar:/Users/jasonyellow/.m2/repository/org/slf4j/slf4j-api/2.0.11/slf4j-api-2.0.11.jar:/Users/jasonyellow/.m2/repository/jakarta/xml/bind/jakarta.xml.bind-api/4.0.1/jakarta.xml.bind-api-4.0.1.jar:/Users/jasonyellow/.m2/repository/jakarta/activation/jakarta.activation-api/2.1.2/jakarta.activation-api-2.1.2.jar:/Users/jasonyellow/.m2/repository/net/minidev/json-smart/2.5.0/json-smart-2.5.0.jar:/Users/jasonyellow/.m2/repository/net/minidev/accessors-smart/2.5.0/accessors-smart-2.5.0.jar:/Users/jasonyellow/.m2/repository/org/ow2/asm/asm/9.3/asm-9.3.jar:/Users/jasonyellow/.m2/repository/org/assertj/assertj-core/3.24.2/assertj-core-3.24.2.jar:/Users/jasonyellow/.m2/repository/net/bytebuddy/byte-buddy/1.14.11/byte-buddy-1.14.11.jar:/Users/jasonyellow/.m2/repository/org/awaitility/awaitility/4.2.0/awaitility-4.2.0.jar:/Users/jasonyellow/.m2/repository/org/hamcrest/hamcrest/2.2/hamcrest-2.2.jar:/Users/jasonyellow/.m2/repository/org/junit/jupiter/junit-jupiter/5.10.1/junit-jupiter-5.10.1.jar:/Users/jasonyellow/.m2/repository/org/junit/jupiter/junit-jupiter-api/5.10.1/junit-jupiter-api-5.10.1.jar:/Users/jasonyellow/.m2/repository/org/opentest4j/opentest4j/1.3.0/opentest4j-1.3.0.jar:/Users/jasonyellow/.m2/repository/org/junit/platform/junit-platform-commons/1.10.1/junit-platform-commons-1.10.1.jar:/Users/jasonyellow/.m2/repository/org/apiguardian/apiguardian-api/1.1.2/apiguardian-api-1.1.2.jar:/Users/jasonyellow/.m2/repository/org/junit/jupiter/junit-jupiter-params/5.10.1/junit-jupiter-params-5.10.1.jar:/Users/jasonyellow/.m2/repository/org/junit/jupiter/junit-jupiter-engine/5.10.1/junit-jupiter-engine-5.10.1.jar:/Users/jasonyellow/.m2/repository/org/junit/platform/junit-platform-engine/1.10.1/junit-platform-engine-1.10.1.jar:/Users/jasonyellow/.m2/repository/org/mockito/mockito-core/5.7.0/mockito-core-5.7.0.jar:/Users/jasonyellow/.m2/repository/net/bytebuddy/byte-buddy-agent/1.14.11/byte-buddy-agent-1.14.11.jar:/Users/jasonyellow/.m2/repository/org/objenesis/objenesis/3.3/objenesis-3.3.jar:/Users/jasonyellow/.m2/repository/org/mockito/mockito-junit-jupiter/5.7.0/mockito-junit-jupiter-5.7.0.jar:/Users/jasonyellow/.m2/repository/org/skyscreamer/jsonassert/1.5.1/jsonassert-1.5.1.jar:/Users/jasonyellow/.m2/repository/com/vaadin/external/google/android-json/0.0.20131108.vaadin1/android-json-0.0.20131108.vaadin1.jar:/Users/jasonyellow/.m2/repository/org/springframework/spring-core/6.1.3/spring-core-6.1.3.jar:/Users/jasonyellow/.m2/repository/org/springframework/spring-jcl/6.1.3/spring-jcl-6.1.3.jar:/Users/jasonyellow/.m2/repository/org/springframework/spring-test/6.1.3/spring-test-6.1.3.jar:/Users/jasonyellow/.m2/repository/org/xmlunit/xmlunit-core/2.9.1/xmlunit-core-2.9.1.jar:/Users/jasonyellow/.m2/repository/com/mysql/mysql-connector-j/8.3.0/mysql-connector-j-8.3.0.jar:/Users/jasonyellow/.m2/repository/org/projectlombok/lombok/1.18.30/lombok-1.18.30.jar:/Users/jasonyellow/.m2/repository/org/springframework/boot/spring-boot-starter-validation/3.2.2/spring-boot-starter-validation-3.2.2.jar:/Users/jasonyellow/.m2/repository/org/apache/tomcat/embed/tomcat-embed-el/10.1.18/tomcat-embed-el-10.1.18.jar:/Users/jasonyellow/.m2/repository/org/hibernate/validator/hibernate-validator/8.0.1.Final/hibernate-validator-8.0.1.Final.jar:/Users/jasonyellow/.m2/repository/jakarta/validation/jakarta.validation-api/3.0.2/jakarta.validation-api-3.0.2.jar:/Users/jasonyellow/.m2/repository/org/jboss/logging/jboss-logging/3.5.3.Final/jboss-logging-3.5.3.Final.jar:/Users/jasonyellow/.m2/repository/com/fasterxml/classmate/1.6.0/classmate-1.6.0.jar:/Users/jasonyellow/.m2/repository/com/auth0/java-jwt/4.3.0/java-jwt-4.3.0.jar:/Users/jasonyellow/.m2/repository/com/fasterxml/jackson/core/jackson-databind/2.15.3/jackson-databind-2.15.3.jar:/Users/jasonyellow/.m2/repository/com/fasterxml/jackson/core/jackson-annotations/2.15.3/jackson-annotations-2.15.3.jar:/Users/jasonyellow/.m2/repository/com/fasterxml/jackson/core/jackson-core/2.15.3/jackson-core-2.15.3.jar:/Users/jasonyellow/.m2/repository/com/google/code/gson/gson/2.8.8/gson-2.8.8.jar:"/>
    <property name="java.vm.vendor" value="Amazon.com Inc."/>
    <property name="sun.arch.data.model" value="64"/>
    <property name="java.vendor.url" value="https://aws.amazon.com/corretto/"/>
    <property name="user.timezone" value="Australia/Sydney"/>
    <property name="org.jboss.logging.provider" value="slf4j"/>
    <property name="os.name" value="Mac OS X"/>
    <property name="java.vm.specification.version" value="17"/>
    <property name="sun.java.launcher" value="SUN_STANDARD"/>
    <property name="user.country" value="AU"/>
    <property name="sun.boot.library.path" value="/Users/jasonyellow/Library/Java/JavaVirtualMachines/corretto-17.0.4/Contents/Home/lib"/>
    <property name="sun.java.command" value="/Users/jasonyellow/Desktop/jac/backend/JasonAndCathy/target/surefire/surefirebooter-20240412151203766_3.jar /Users/jasonyellow/Desktop/jac/backend/JasonAndCathy/target/surefire 2024-04-12T15-12-03_027-jvmRun1 surefire-20240412151203766_1tmp surefire_0-20240412151203766_2tmp"/>
    <property name="http.nonProxyHosts" value="local|*.local|169.254/16|*.169.254/16"/>
    <property name="jdk.debug" value="release"/>
    <property name="surefire.test.class.path" value="/Users/jasonyellow/Desktop/jac/backend/JasonAndCathy/target/test-classes:/Users/jasonyellow/Desktop/jac/backend/JasonAndCathy/target/classes:/Users/jasonyellow/.m2/repository/org/springframework/boot/spring-boot-starter-web/3.2.2/spring-boot-starter-web-3.2.2.jar:/Users/jasonyellow/.m2/repository/org/springframework/boot/spring-boot-starter/3.2.2/spring-boot-starter-3.2.2.jar:/Users/jasonyellow/.m2/repository/org/springframework/boot/spring-boot/3.2.2/spring-boot-3.2.2.jar:/Users/jasonyellow/.m2/repository/org/springframework/boot/spring-boot-autoconfigure/3.2.2/spring-boot-autoconfigure-3.2.2.jar:/Users/jasonyellow/.m2/repository/org/springframework/boot/spring-boot-starter-logging/3.2.2/spring-boot-starter-logging-3.2.2.jar:/Users/jasonyellow/.m2/repository/ch/qos/logback/logback-classic/1.4.14/logback-classic-1.4.14.jar:/Users/jasonyellow/.m2/repository/ch/qos/logback/logback-core/1.4.14/logback-core-1.4.14.jar:/Users/jasonyellow/.m2/repository/org/apache/logging/log4j/log4j-to-slf4j/2.21.1/log4j-to-slf4j-2.21.1.jar:/Users/jasonyellow/.m2/repository/org/apache/logging/log4j/log4j-api/2.21.1/log4j-api-2.21.1.jar:/Users/jasonyellow/.m2/repository/org/slf4j/jul-to-slf4j/2.0.11/jul-to-slf4j-2.0.11.jar:/Users/jasonyellow/.m2/repository/jakarta/annotation/jakarta.annotation-api/2.1.1/jakarta.annotation-api-2.1.1.jar:/Users/jasonyellow/.m2/repository/org/yaml/snakeyaml/2.2/snakeyaml-2.2.jar:/Users/jasonyellow/.m2/repository/org/springframework/boot/spring-boot-starter-json/3.2.2/spring-boot-starter-json-3.2.2.jar:/Users/jasonyellow/.m2/repository/com/fasterxml/jackson/datatype/jackson-datatype-jdk8/2.15.3/jackson-datatype-jdk8-2.15.3.jar:/Users/jasonyellow/.m2/repository/com/fasterxml/jackson/datatype/jackson-datatype-jsr310/2.15.3/jackson-datatype-jsr310-2.15.3.jar:/Users/jasonyellow/.m2/repository/com/fasterxml/jackson/module/jackson-module-parameter-names/2.15.3/jackson-module-parameter-names-2.15.3.jar:/Users/jasonyellow/.m2/repository/org/springframework/boot/spring-boot-starter-tomcat/3.2.2/spring-boot-starter-tomcat-3.2.2.jar:/Users/jasonyellow/.m2/repository/org/apache/tomcat/embed/tomcat-embed-core/10.1.18/tomcat-embed-core-10.1.18.jar:/Users/jasonyellow/.m2/repository/org/apache/tomcat/embed/tomcat-embed-websocket/10.1.18/tomcat-embed-websocket-10.1.18.jar:/Users/jasonyellow/.m2/repository/org/springframework/spring-web/6.1.3/spring-web-6.1.3.jar:/Users/jasonyellow/.m2/repository/org/springframework/spring-beans/6.1.3/spring-beans-6.1.3.jar:/Users/jasonyellow/.m2/repository/io/micrometer/micrometer-observation/1.12.2/micrometer-observation-1.12.2.jar:/Users/jasonyellow/.m2/repository/io/micrometer/micrometer-commons/1.12.2/micrometer-commons-1.12.2.jar:/Users/jasonyellow/.m2/repository/org/springframework/spring-webmvc/6.1.3/spring-webmvc-6.1.3.jar:/Users/jasonyellow/.m2/repository/org/springframework/spring-aop/6.1.3/spring-aop-6.1.3.jar:/Users/jasonyellow/.m2/repository/org/springframework/spring-context/6.1.3/spring-context-6.1.3.jar:/Users/jasonyellow/.m2/repository/org/springframework/spring-expression/6.1.3/spring-expression-6.1.3.jar:/Users/jasonyellow/.m2/repository/org/mybatis/spring/boot/mybatis-spring-boot-starter/3.0.3/mybatis-spring-boot-starter-3.0.3.jar:/Users/jasonyellow/.m2/repository/org/springframework/boot/spring-boot-starter-jdbc/3.2.2/spring-boot-starter-jdbc-3.2.2.jar:/Users/jasonyellow/.m2/repository/com/zaxxer/HikariCP/5.0.1/HikariCP-5.0.1.jar:/Users/jasonyellow/.m2/repository/org/springframework/spring-jdbc/6.1.3/spring-jdbc-6.1.3.jar:/Users/jasonyellow/.m2/repository/org/springframework/spring-tx/6.1.3/spring-tx-6.1.3.jar:/Users/jasonyellow/.m2/repository/org/mybatis/spring/boot/mybatis-spring-boot-autoconfigure/3.0.3/mybatis-spring-boot-autoconfigure-3.0.3.jar:/Users/jasonyellow/.m2/repository/org/mybatis/mybatis/3.5.14/mybatis-3.5.14.jar:/Users/jasonyellow/.m2/repository/org/mybatis/mybatis-spring/3.0.3/mybatis-spring-3.0.3.jar:/Users/jasonyellow/.m2/repository/org/springframework/boot/spring-boot-starter-test/3.2.2/spring-boot-starter-test-3.2.2.jar:/Users/jasonyellow/.m2/repository/org/springframework/boot/spring-boot-test/3.2.2/spring-boot-test-3.2.2.jar:/Users/jasonyellow/.m2/repository/org/springframework/boot/spring-boot-test-autoconfigure/3.2.2/spring-boot-test-autoconfigure-3.2.2.jar:/Users/jasonyellow/.m2/repository/com/jayway/jsonpath/json-path/2.8.0/json-path-2.8.0.jar:/Users/jasonyellow/.m2/repository/org/slf4j/slf4j-api/2.0.11/slf4j-api-2.0.11.jar:/Users/jasonyellow/.m2/repository/jakarta/xml/bind/jakarta.xml.bind-api/4.0.1/jakarta.xml.bind-api-4.0.1.jar:/Users/jasonyellow/.m2/repository/jakarta/activation/jakarta.activation-api/2.1.2/jakarta.activation-api-2.1.2.jar:/Users/jasonyellow/.m2/repository/net/minidev/json-smart/2.5.0/json-smart-2.5.0.jar:/Users/jasonyellow/.m2/repository/net/minidev/accessors-smart/2.5.0/accessors-smart-2.5.0.jar:/Users/jasonyellow/.m2/repository/org/ow2/asm/asm/9.3/asm-9.3.jar:/Users/jasonyellow/.m2/repository/org/assertj/assertj-core/3.24.2/assertj-core-3.24.2.jar:/Users/jasonyellow/.m2/repository/net/bytebuddy/byte-buddy/1.14.11/byte-buddy-1.14.11.jar:/Users/jasonyellow/.m2/repository/org/awaitility/awaitility/4.2.0/awaitility-4.2.0.jar:/Users/jasonyellow/.m2/repository/org/hamcrest/hamcrest/2.2/hamcrest-2.2.jar:/Users/jasonyellow/.m2/repository/org/junit/jupiter/junit-jupiter/5.10.1/junit-jupiter-5.10.1.jar:/Users/jasonyellow/.m2/repository/org/junit/jupiter/junit-jupiter-api/5.10.1/junit-jupiter-api-5.10.1.jar:/Users/jasonyellow/.m2/repository/org/opentest4j/opentest4j/1.3.0/opentest4j-1.3.0.jar:/Users/jasonyellow/.m2/repository/org/junit/platform/junit-platform-commons/1.10.1/junit-platform-commons-1.10.1.jar:/Users/jasonyellow/.m2/repository/org/apiguardian/apiguardian-api/1.1.2/apiguardian-api-1.1.2.jar:/Users/jasonyellow/.m2/repository/org/junit/jupiter/junit-jupiter-params/5.10.1/junit-jupiter-params-5.10.1.jar:/Users/jasonyellow/.m2/repository/org/junit/jupiter/junit-jupiter-engine/5.10.1/junit-jupiter-engine-5.10.1.jar:/Users/jasonyellow/.m2/repository/org/junit/platform/junit-platform-engine/1.10.1/junit-platform-engine-1.10.1.jar:/Users/jasonyellow/.m2/repository/org/mockito/mockito-core/5.7.0/mockito-core-5.7.0.jar:/Users/jasonyellow/.m2/repository/net/bytebuddy/byte-buddy-agent/1.14.11/byte-buddy-agent-1.14.11.jar:/Users/jasonyellow/.m2/repository/org/objenesis/objenesis/3.3/objenesis-3.3.jar:/Users/jasonyellow/.m2/repository/org/mockito/mockito-junit-jupiter/5.7.0/mockito-junit-jupiter-5.7.0.jar:/Users/jasonyellow/.m2/repository/org/skyscreamer/jsonassert/1.5.1/jsonassert-1.5.1.jar:/Users/jasonyellow/.m2/repository/com/vaadin/external/google/android-json/0.0.20131108.vaadin1/android-json-0.0.20131108.vaadin1.jar:/Users/jasonyellow/.m2/repository/org/springframework/spring-core/6.1.3/spring-core-6.1.3.jar:/Users/jasonyellow/.m2/repository/org/springframework/spring-jcl/6.1.3/spring-jcl-6.1.3.jar:/Users/jasonyellow/.m2/repository/org/springframework/spring-test/6.1.3/spring-test-6.1.3.jar:/Users/jasonyellow/.m2/repository/org/xmlunit/xmlunit-core/2.9.1/xmlunit-core-2.9.1.jar:/Users/jasonyellow/.m2/repository/com/mysql/mysql-connector-j/8.3.0/mysql-connector-j-8.3.0.jar:/Users/jasonyellow/.m2/repository/org/projectlombok/lombok/1.18.30/lombok-1.18.30.jar:/Users/jasonyellow/.m2/repository/org/springframework/boot/spring-boot-starter-validation/3.2.2/spring-boot-starter-validation-3.2.2.jar:/Users/jasonyellow/.m2/repository/org/apache/tomcat/embed/tomcat-embed-el/10.1.18/tomcat-embed-el-10.1.18.jar:/Users/jasonyellow/.m2/repository/org/hibernate/validator/hibernate-validator/8.0.1.Final/hibernate-validator-8.0.1.Final.jar:/Users/jasonyellow/.m2/repository/jakarta/validation/jakarta.validation-api/3.0.2/jakarta.validation-api-3.0.2.jar:/Users/jasonyellow/.m2/repository/org/jboss/logging/jboss-logging/3.5.3.Final/jboss-logging-3.5.3.Final.jar:/Users/jasonyellow/.m2/repository/com/fasterxml/classmate/1.6.0/classmate-1.6.0.jar:/Users/jasonyellow/.m2/repository/com/auth0/java-jwt/4.3.0/java-jwt-4.3.0.jar:/Users/jasonyellow/.m2/repository/com/fasterxml/jackson/core/jackson-databind/2.15.3/jackson-databind-2.15.3.jar:/Users/jasonyellow/.m2/repository/com/fasterxml/jackson/core/jackson-annotations/2.15.3/jackson-annotations-2.15.3.jar:/Users/jasonyellow/.m2/repository/com/fasterxml/jackson/core/jackson-core/2.15.3/jackson-core-2.15.3.jar:/Users/jasonyellow/.m2/repository/com/google/code/gson/gson/2.8.8/gson-2.8.8.jar:"/>
    <property name="sun.cpu.endian" value="little"/>
    <property name="user.home" value="/Users/jasonyellow"/>
    <property name="user.language" value="en"/>
    <property name="java.specification.vendor" value="Oracle Corporation"/>
    <property name="java.version.date" value="2022-07-19"/>
    <property name="java.home" value="/Users/jasonyellow/Library/Java/JavaVirtualMachines/corretto-17.0.4/Contents/Home"/>
    <property name="file.separator" value="/"/>
    <property name="basedir" value="/Users/jasonyellow/Desktop/jac/backend/JasonAndCathy"/>
    <property name="java.vm.compressedOopsMode" value="Zero based"/>
    <property name="line.separator" value="&#10;"/>
    <property name="java.vm.specification.vendor" value="Oracle Corporation"/>
    <property name="java.specification.name" value="Java Platform API Specification"/>
    <property name="FILE_LOG_CHARSET" value="UTF-8"/>
    <property name="java.awt.headless" value="true"/>
    <property name="surefire.real.class.path" value="/Users/jasonyellow/Desktop/jac/backend/JasonAndCathy/target/surefire/surefirebooter-20240412151203766_3.jar"/>
    <property name="sun.management.compiler" value="HotSpot 64-Bit Tiered Compilers"/>
    <property name="ftp.nonProxyHosts" value="local|*.local|169.254/16|*.169.254/16"/>
    <property name="java.runtime.version" value="17.0.4+8-LTS"/>
    <property name="user.name" value="jasonyellow"/>
    <property name="path.separator" value=":"/>
    <property name="os.version" value="14.1"/>
    <property name="java.runtime.name" value="OpenJDK Runtime Environment"/>
    <property name="file.encoding" value="UTF-8"/>
    <property name="java.vm.name" value="OpenJDK 64-Bit Server VM"/>
    <property name="java.vendor.version" value="Corretto-17.0.4.8.1"/>
    <property name="localRepository" value="/Users/jasonyellow/.m2/repository"/>
    <property name="java.vendor.url.bug" value="https://github.com/corretto/corretto-17/issues/"/>
    <property name="java.io.tmpdir" value="/var/folders/dv/6h0jytkd78n3xslnpzxr2wsh0000gn/T/"/>
    <property name="idea.version" value="2021.3.3"/>
    <property name="java.version" value="17.0.4"/>
    <property name="user.dir" value="/Users/jasonyellow/Desktop/jac/backend/JasonAndCathy"/>
    <property name="os.arch" value="aarch64"/>
    <property name="java.vm.specification.name" value="Java Virtual Machine Specification"/>
    <property name="PID" value="28620"/>
    <property name="CONSOLE_LOG_CHARSET" value="UTF-8"/>
    <property name="native.encoding" value="UTF-8"/>
    <property name="java.library.path" value="/Users/jasonyellow/Library/Java/Extensions:/Library/Java/Extensions:/Network/Library/Java/Extensions:/System/Library/Java/Extensions:/usr/lib/java:."/>
    <property name="java.vm.info" value="mixed mode, sharing"/>
    <property name="java.vendor" value="Amazon.com Inc."/>
    <property name="java.vm.version" value="17.0.4+8-LTS"/>
    <property name="sun.io.unicode.encoding" value="UnicodeBig"/>
    <property name="socksNonProxyHosts" value="local|*.local|169.254/16|*.169.254/16"/>
    <property name="java.class.version" value="61.0"/>
  </properties>
  <testcase name="contextLoads" classname="com.example.jasonandcathy.JasonAndCathyApplicationTests" time="0.417">
    <system-out><![CDATA[15:12:04.142 [main] INFO org.springframework.test.context.support.AnnotationConfigContextLoaderUtils -- Could not detect default configuration classes for test class [com.example.jasonandcathy.JasonAndCathyApplicationTests]: JasonAndCathyApplicationTests does not declare any static, non-private, non-final, nested classes annotated with @Configuration.
15:12:04.186 [main] INFO org.springframework.boot.test.context.SpringBootTestContextBootstrapper -- Found @SpringBootConfiguration com.example.jasonandcathy.JasonAndCathyApplication for test class com.example.jasonandcathy.JasonAndCathyApplicationTests

  .   ____          _            __ _ _
 /\\ / ___'_ __ _ _(_)_ __  __ _ \ \ \ \
( ( )\___ | '_ | '_| | '_ \/ _` | \ \ \ \
 \\/  ___)| |_)| | | | | || (_| |  ) ) ) )
  '  |____| .__|_| |_|_| |_\__, | / / / /
 =========|_|==============|___/=/_/_/_/
 :: Spring Boot ::                (v3.2.2)

2024-04-12T15:12:04.379+10:00  INFO 28620 --- [           main] c.e.j.JasonAndCathyApplicationTests      : Starting JasonAndCathyApplicationTests using Java 17.0.4 with PID 28620 (started by jasonyellow in /Users/jasonyellow/Desktop/jac/backend/JasonAndCathy)
2024-04-12T15:12:04.380+10:00  INFO 28620 --- [           main] c.e.j.JasonAndCathyApplicationTests      : No active profile set, falling back to 1 default profile: "default"
2024-04-12T15:12:05.069+10:00  INFO 28620 --- [           main] c.e.j.JasonAndCathyApplicationTests      : Started JasonAndCathyApplicationTests in 0.818 seconds (process running for 1.245)
]]></system-out>
  </testcase>
</testsuite>